# JRE version: OpenJDK Runtime Environment (8.0_242-b01) (build 1.8.0_242-release-1644-b01)
# Java VM: OpenJDK 64-Bit Server VM (25.242-b01 mixed mode windows-amd64 compressed oops)
Heap:
 PSYoungGen      total 423936K, used 423915K [0x00000000d5580000, 0x00000000fae00000, 0x0000000100000000)
  eden space 321536K, 100% used [0x00000000d5580000,0x00000000e8f80000,0x00000000e8f80000)
  from space 102400K, 99% used [0x00000000e8f80000,0x00000000ef37af78,0x00000000ef380000)
  to   space 129536K, 2% used [0x00000000f2f80000,0x00000000f3270040,0x00000000fae00000)
 ParOldGen       total 376832K, used 301380K [0x0000000080000000, 0x0000000097000000, 0x00000000d5580000)
  object space 376832K, 79% used [0x0000000080000000,0x00000000926512a8,0x0000000097000000)
 Metaspace       used 88549K, capacity 93390K, committed 93720K, reserved 1130496K
  class space    used 12090K, capacity 13031K, committed 13104K, reserved 1048576K
GC Heap History (10 events):
Event: 446.090 GC heap after
Heap after GC invocations=28 (full 4):
 PSYoungGen      total 352768K, used 62957K [0x00000000d5580000, 0x00000000f2e80000, 0x0000000100000000)
  eden space 289792K, 0% used [0x00000000d5580000,0x00000000d5580000,0x00000000e7080000)
  from space 62976K, 99% used [0x00000000ec300000,0x00000000f007b778,0x00000000f0080000)
  to   space 84480K, 0% used [0x00000000e7080000,0x00000000e7080000,0x00000000ec300000)
 ParOldGen       total 226304K, used 144357K [0x0000000080000000, 0x000000008dd00000, 0x00000000d5580000)
  object space 226304K, 63% used [0x0000000080000000,0x0000000088cf95d8,0x000000008dd00000)
 Metaspace       used 85555K, capacity 89828K, committed 90520K, reserved 1126400K
  class space    used 11716K, capacity 12544K, committed 12720K, reserved 1048576K
}
Event: 452.277 GC heap before
{Heap before GC invocations=29 (full 4):
 PSYoungGen      total 352768K, used 352749K [0x00000000d5580000, 0x00000000f2e80000, 0x0000000100000000)
  eden space 289792K, 100% used [0x00000000d5580000,0x00000000e7080000,0x00000000e7080000)
  from space 62976K, 99% used [0x00000000ec300000,0x00000000f007b778,0x00000000f0080000)
  to   space 84480K, 0% used [0x00000000e7080000,0x00000000e7080000,0x00000000ec300000)
 ParOldGen       total 226304K, used 144357K [0x0000000080000000, 0x000000008dd00000, 0x00000000d5580000)
  object space 226304K, 63% used [0x0000000080000000,0x0000000088cf95d8,0x000000008dd00000)
 Metaspace       used 85571K, capacity 89828K, committed 90520K, reserved 1126400K
  class space    used 11717K, capacity 12544K, committed 12720K, reserved 1048576K
Event: 453.061 GC heap after
Heap after GC invocations=29 (full 4):
 PSYoungGen      total 374272K, used 74382K [0x00000000d5580000, 0x00000000f6980000, 0x0000000100000000)
  eden space 289792K, 0% used [0x00000000d5580000,0x00000000d5580000,0x00000000e7080000)
  from space 84480K, 88% used [0x00000000e7080000,0x00000000eb923ba8,0x00000000ec300000)
  to   space 95232K, 0% used [0x00000000f0c80000,0x00000000f0c80000,0x00000000f6980000)
 ParOldGen       total 226304K, used 193615K [0x0000000080000000, 0x000000008dd00000, 0x00000000d5580000)
  object space 226304K, 85% used [0x0000000080000000,0x000000008bd13f28,0x000000008dd00000)
 Metaspace       used 85571K, capacity 89828K, committed 90520K, reserved 1126400K
  class space    used 11717K, capacity 12544K, committed 12720K, reserved 1048576K
}
Event: 453.061 GC heap before
{Heap before GC invocations=30 (full 5):
 PSYoungGen      total 374272K, used 74382K [0x00000000d5580000, 0x00000000f6980000, 0x0000000100000000)
  eden space 289792K, 0% used [0x00000000d5580000,0x00000000d5580000,0x00000000e7080000)
  from space 84480K, 88% used [0x00000000e7080000,0x00000000eb923ba8,0x00000000ec300000)
  to   space 95232K, 0% used [0x00000000f0c80000,0x00000000f0c80000,0x00000000f6980000)
 ParOldGen       total 226304K, used 193615K [0x0000000080000000, 0x000000008dd00000, 0x00000000d5580000)
  object space 226304K, 85% used [0x0000000080000000,0x000000008bd13f28,0x000000008dd00000)
 Metaspace       used 85571K, capacity 89828K, committed 90520K, reserved 1126400K
  class space    used 11717K, capacity 12544K, committed 12720K, reserved 1048576K
Event: 458.774 GC heap after
Heap after GC invocations=30 (full 5):
 PSYoungGen      total 374272K, used 0K [0x00000000d5580000, 0x00000000f6980000, 0x0000000100000000)
  eden space 289792K, 0% used [0x00000000d5580000,0x00000000d5580000,0x00000000e7080000)
  from space 84480K, 0% used [0x00000000e7080000,0x00000000e7080000,0x00000000ec300000)
  to   space 95232K, 0% used [0x00000000f0c80000,0x00000000f0c80000,0x00000000f6980000)
 ParOldGen       total 376832K, used 223449K [0x0000000080000000, 0x0000000097000000, 0x00000000d5580000)
  object space 376832K, 59% used [0x0000000080000000,0x000000008da366c8,0x0000000097000000)
 Metaspace       used 85571K, capacity 89828K, committed 90520K, reserved 1126400K
  class space    used 11717K, capacity 12544K, committed 12720K, reserved 1048576K
}
Event: 477.337 GC heap before
{Heap before GC invocations=31 (full 5):
 PSYoungGen      total 374272K, used 289792K [0x00000000d5580000, 0x00000000f6980000, 0x0000000100000000)
  eden space 289792K, 100% used [0x00000000d5580000,0x00000000e7080000,0x00000000e7080000)
  from space 84480K, 0% used [0x00000000e7080000,0x00000000e7080000,0x00000000ec300000)
  to   space 95232K, 0% used [0x00000000f0c80000,0x00000000f0c80000,0x00000000f6980000)
 ParOldGen       total 376832K, used 223449K [0x0000000080000000, 0x0000000097000000, 0x00000000d5580000)
  object space 376832K, 59% used [0x0000000080000000,0x000000008da366c8,0x0000000097000000)
 Metaspace       used 86903K, capacity 91612K, committed 91672K, reserved 1128448K
  class space    used 11875K, capacity 12790K, committed 12848K, reserved 1048576K
Event: 478.125 GC heap after
Heap after GC invocations=31 (full 5):
 PSYoungGen      total 398336K, used 70670K [0x00000000d5580000, 0x00000000f5780000, 0x0000000100000000)
  eden space 321536K, 0% used [0x00000000d5580000,0x00000000d5580000,0x00000000e8f80000)
  from space 76800K, 92% used [0x00000000f0c80000,0x00000000f5183a40,0x00000000f5780000)
  to   space 102400K, 0% used [0x00000000e8f80000,0x00000000e8f80000,0x00000000ef380000)
 ParOldGen       total 376832K, used 223449K [0x0000000080000000, 0x0000000097000000, 0x00000000d5580000)
  object space 376832K, 59% used [0x0000000080000000,0x000000008da366c8,0x0000000097000000)
 Metaspace       used 86903K, capacity 91612K, committed 91672K, reserved 1128448K
  class space    used 11875K, capacity 12790K, committed 12848K, reserved 1048576K
}
Event: 491.863 GC heap before
{Heap before GC invocations=32 (full 5):
 PSYoungGen      total 398336K, used 392206K [0x00000000d5580000, 0x00000000f5780000, 0x0000000100000000)
  eden space 321536K, 100% used [0x00000000d5580000,0x00000000e8f80000,0x00000000e8f80000)
  from space 76800K, 92% used [0x00000000f0c80000,0x00000000f5183a40,0x00000000f5780000)
  to   space 102400K, 0% used [0x00000000e8f80000,0x00000000e8f80000,0x00000000ef380000)
 ParOldGen       total 376832K, used 223449K [0x0000000080000000, 0x0000000097000000, 0x00000000d5580000)
  object space 376832K, 59% used [0x0000000080000000,0x000000008da366c8,0x0000000097000000)
 Metaspace       used 87620K, capacity 92386K, committed 92568K, reserved 1128448K
  class space    used 11942K, capacity 12849K, committed 12976K, reserved 1048576K
Event: 492.577 GC heap after
Heap after GC invocations=32 (full 5):
 PSYoungGen      total 423936K, used 102379K [0x00000000d5580000, 0x00000000fae00000, 0x0000000100000000)
  eden space 321536K, 0% used [0x00000000d5580000,0x00000000d5580000,0x00000000e8f80000)
  from space 102400K, 99% used [0x00000000e8f80000,0x00000000ef37af78,0x00000000ef380000)
  to   space 129536K, 0% used [0x00000000f2f80000,0x00000000f2f80000,0x00000000fae00000)
 ParOldGen       total 376832K, used 250795K [0x0000000080000000, 0x0000000097000000, 0x00000000d5580000)
  object space 376832K, 66% used [0x0000000080000000,0x000000008f4eae08,0x0000000097000000)
 Metaspace       used 87620K, capacity 92386K, committed 92568K, reserved 1128448K
  class space    used 11942K, capacity 12849K, committed 12976K, reserved 1048576K
}
Event: 507.483 GC heap before
{Heap before GC invocations=33 (full 5):
 PSYoungGen      total 423936K, used 423915K [0x00000000d5580000, 0x00000000fae00000, 0x0000000100000000)
  eden space 321536K, 100% used [0x00000000d5580000,0x00000000e8f80000,0x00000000e8f80000)
  from space 102400K, 99% used [0x00000000e8f80000,0x00000000ef37af78,0x00000000ef380000)
  to   space 129536K, 0% used [0x00000000f2f80000,0x00000000f2f80000,0x00000000fae00000)
 ParOldGen       total 376832K, used 250795K [0x0000000080000000, 0x0000000097000000, 0x00000000d5580000)
  object space 376832K, 66% used [0x0000000080000000,0x000000008f4eae08,0x0000000097000000)
 Metaspace       used 88549K, capacity 93390K, committed 93720K, reserved 1130496K
  class space    used 12090K, capacity 13031K, committed 13104K, reserved 1048576K

