# JRE version: OpenJDK Runtime Environment (8.0_242-b01) (build 1.8.0_242-release-1644-b01)
# Java VM: OpenJDK 64-Bit Server VM (25.242-b01 mixed mode windows-amd64 compressed oops)
Heap:
 PSYoungGen      total 462336K, used 55951K [0x00000000d5580000, 0x00000000ff180000, 0x0000000100000000)
  eden space 232960K, 0% used [0x00000000d5580000,0x00000000d5580000,0x00000000e3900000)
  from space 229376K, 24% used [0x00000000e3900000,0x00000000e6fa3d60,0x00000000f1900000)
  to   space 220160K, 0% used [0x00000000f1a80000,0x00000000f1a80000,0x00000000ff180000)
 ParOldGen       total 557568K, used 510961K [0x0000000080000000, 0x00000000a2080000, 0x00000000d5580000)
  object space 557568K, 91% used [0x0000000080000000,0x000000009f2fc4f0,0x00000000a2080000)
 Metaspace       used 95183K, capacity 100294K, committed 100376K, reserved 1136640K
  class space    used 12621K, capacity 13561K, committed 13600K, reserved 1048576K
GC Heap History (10 events):
Event: 542.033 GC heap after
Heap after GC invocations=29 (full 6):
 PSYoungGen      total 492032K, used 161753K [0x00000000d5580000, 0x0000000100000000, 0x0000000100000000)
  eden space 330240K, 0% used [0x00000000d5580000,0x00000000d5580000,0x00000000e9800000)
  from space 161792K, 99% used [0x00000000e9800000,0x00000000f35f64d0,0x00000000f3600000)
  to   space 206848K, 0% used [0x00000000f3600000,0x00000000f3600000,0x0000000100000000)
 ParOldGen       total 557568K, used 320267K [0x0000000080000000, 0x00000000a2080000, 0x00000000d5580000)
  object space 557568K, 57% used [0x0000000080000000,0x00000000938c2d80,0x00000000a2080000)
 Metaspace       used 94987K, capacity 100080K, committed 100120K, reserved 1136640K
  class space    used 12620K, capacity 13560K, committed 13600K, reserved 1048576K
}
Event: 547.666 GC heap before
{Heap before GC invocations=30 (full 6):
 PSYoungGen      total 492032K, used 491993K [0x00000000d5580000, 0x0000000100000000, 0x0000000100000000)
  eden space 330240K, 100% used [0x00000000d5580000,0x00000000e9800000,0x00000000e9800000)
  from space 161792K, 99% used [0x00000000e9800000,0x00000000f35f64d0,0x00000000f3600000)
  to   space 206848K, 0% used [0x00000000f3600000,0x00000000f3600000,0x0000000100000000)
 ParOldGen       total 557568K, used 320267K [0x0000000080000000, 0x00000000a2080000, 0x00000000d5580000)
  object space 557568K, 57% used [0x0000000080000000,0x00000000938c2d80,0x00000000a2080000)
 Metaspace       used 95138K, capacity 100222K, committed 100376K, reserved 1136640K
  class space    used 12621K, capacity 13561K, committed 13600K, reserved 1048576K
Event: 548.166 GC heap after
Heap after GC invocations=30 (full 6):
 PSYoungGen      total 439808K, used 202106K [0x00000000d5580000, 0x0000000100000000, 0x0000000100000000)
  eden space 232960K, 0% used [0x00000000d5580000,0x00000000d5580000,0x00000000e3900000)
  from space 206848K, 97% used [0x00000000f3600000,0x00000000ffb5ebe8,0x0000000100000000)
  to   space 232960K, 0% used [0x00000000e3900000,0x00000000e3900000,0x00000000f1c80000)
 ParOldGen       total 557568K, used 341936K [0x0000000080000000, 0x00000000a2080000, 0x00000000d5580000)
  object space 557568K, 61% used [0x0000000080000000,0x0000000094dec118,0x00000000a2080000)
 Metaspace       used 95138K, capacity 100222K, committed 100376K, reserved 1136640K
  class space    used 12621K, capacity 13561K, committed 13600K, reserved 1048576K
}
Event: 551.347 GC heap before
{Heap before GC invocations=31 (full 6):
 PSYoungGen      total 439808K, used 435066K [0x00000000d5580000, 0x0000000100000000, 0x0000000100000000)
  eden space 232960K, 100% used [0x00000000d5580000,0x00000000e3900000,0x00000000e3900000)
  from space 206848K, 97% used [0x00000000f3600000,0x00000000ffb5ebe8,0x0000000100000000)
  to   space 232960K, 0% used [0x00000000e3900000,0x00000000e3900000,0x00000000f1c80000)
 ParOldGen       total 557568K, used 341936K [0x0000000080000000, 0x00000000a2080000, 0x00000000d5580000)
  object space 557568K, 61% used [0x0000000080000000,0x0000000094dec118,0x00000000a2080000)
 Metaspace       used 95170K, capacity 100290K, committed 100376K, reserved 1136640K
  class space    used 12621K, capacity 13561K, committed 13600K, reserved 1048576K
Event: 551.518 GC heap after
Heap after GC invocations=31 (full 6):
 PSYoungGen      total 465920K, used 51992K [0x00000000d5580000, 0x0000000100000000, 0x0000000100000000)
  eden space 232960K, 0% used [0x00000000d5580000,0x00000000d5580000,0x00000000e3900000)
  from space 232960K, 22% used [0x00000000e3900000,0x00000000e6bc6158,0x00000000f1c80000)
  to   space 232960K, 0% used [0x00000000f1c80000,0x00000000f1c80000,0x0000000100000000)
 ParOldGen       total 557568K, used 347917K [0x0000000080000000, 0x00000000a2080000, 0x00000000d5580000)
  object space 557568K, 62% used [0x0000000080000000,0x00000000953c3458,0x00000000a2080000)
 Metaspace       used 95170K, capacity 100290K, committed 100376K, reserved 1136640K
  class space    used 12621K, capacity 13561K, committed 13600K, reserved 1048576K
}
Event: 553.521 GC heap before
{Heap before GC invocations=32 (full 6):
 PSYoungGen      total 465920K, used 284952K [0x00000000d5580000, 0x0000000100000000, 0x0000000100000000)
  eden space 232960K, 100% used [0x00000000d5580000,0x00000000e3900000,0x00000000e3900000)
  from space 232960K, 22% used [0x00000000e3900000,0x00000000e6bc6158,0x00000000f1c80000)
  to   space 232960K, 0% used [0x00000000f1c80000,0x00000000f1c80000,0x0000000100000000)
 ParOldGen       total 557568K, used 347917K [0x0000000080000000, 0x00000000a2080000, 0x00000000d5580000)
  object space 557568K, 62% used [0x0000000080000000,0x00000000953c3458,0x00000000a2080000)
 Metaspace       used 95172K, capacity 100294K, committed 100376K, reserved 1136640K
  class space    used 12621K, capacity 13561K, committed 13600K, reserved 1048576K
Event: 554.055 GC heap after
Heap after GC invocations=32 (full 6):
 PSYoungGen      total 458752K, used 113277K [0x00000000d5580000, 0x00000000ff900000, 0x0000000100000000)
  eden space 232960K, 0% used [0x00000000d5580000,0x00000000d5580000,0x00000000e3900000)
  from space 225792K, 50% used [0x00000000f1c80000,0x00000000f8b1f578,0x00000000ff900000)
  to   space 229376K, 0% used [0x00000000e3900000,0x00000000e3900000,0x00000000f1900000)
 ParOldGen       total 557568K, used 398239K [0x0000000080000000, 0x00000000a2080000, 0x00000000d5580000)
  object space 557568K, 71% used [0x0000000080000000,0x00000000984e7c00,0x00000000a2080000)
 Metaspace       used 95172K, capacity 100294K, committed 100376K, reserved 1136640K
  class space    used 12621K, capacity 13561K, committed 13600K, reserved 1048576K
}
Event: 559.458 GC heap before
{Heap before GC invocations=33 (full 6):
 PSYoungGen      total 458752K, used 346183K [0x00000000d5580000, 0x00000000ff900000, 0x0000000100000000)
  eden space 232960K, 99% used [0x00000000d5580000,0x00000000e38f2818,0x00000000e3900000)
  from space 225792K, 50% used [0x00000000f1c80000,0x00000000f8b1f578,0x00000000ff900000)
  to   space 229376K, 0% used [0x00000000e3900000,0x00000000e3900000,0x00000000f1900000)
 ParOldGen       total 557568K, used 398239K [0x0000000080000000, 0x00000000a2080000, 0x00000000d5580000)
  object space 557568K, 71% used [0x0000000080000000,0x00000000984e7c00,0x00000000a2080000)
 Metaspace       used 95183K, capacity 100294K, committed 100376K, reserved 1136640K
  class space    used 12621K, capacity 13561K, committed 13600K, reserved 1048576K
Event: 561.285 GC heap after
Heap after GC invocations=33 (full 6):
 PSYoungGen      total 462336K, used 55951K [0x00000000d5580000, 0x00000000ff180000, 0x0000000100000000)
  eden space 232960K, 0% used [0x00000000d5580000,0x00000000d5580000,0x00000000e3900000)
  from space 229376K, 24% used [0x00000000e3900000,0x00000000e6fa3d60,0x00000000f1900000)
  to   space 220160K, 0% used [0x00000000f1a80000,0x00000000f1a80000,0x00000000ff180000)
 ParOldGen       total 557568K, used 510961K [0x0000000080000000, 0x00000000a2080000, 0x00000000d5580000)
  object space 557568K, 91% used [0x0000000080000000,0x000000009f2fc4f0,0x00000000a2080000)
 Metaspace       used 95183K, capacity 100294K, committed 100376K, reserved 1136640K
  class space    used 12621K, capacity 13561K, committed 13600K, reserved 1048576K
}
Event: 561.285 GC heap before
{Heap before GC invocations=34 (full 7):
 PSYoungGen      total 462336K, used 55951K [0x00000000d5580000, 0x00000000ff180000, 0x0000000100000000)
  eden space 232960K, 0% used [0x00000000d5580000,0x00000000d5580000,0x00000000e3900000)
  from space 229376K, 24% used [0x00000000e3900000,0x00000000e6fa3d60,0x00000000f1900000)
  to   space 220160K, 0% used [0x00000000f1a80000,0x00000000f1a80000,0x00000000ff180000)
 ParOldGen       total 557568K, used 510961K [0x0000000080000000, 0x00000000a2080000, 0x00000000d5580000)
  object space 557568K, 91% used [0x0000000080000000,0x000000009f2fc4f0,0x00000000a2080000)
 Metaspace       used 95183K, capacity 100294K, committed 100376K, reserved 1136640K
  class space    used 12621K, capacity 13561K, committed 13600K, reserved 1048576K

