# JRE version: OpenJDK Runtime Environment (8.0_242-b01) (build 1.8.0_242-release-1644-b01)
# Java VM: OpenJDK 64-Bit Server VM (25.242-b01 mixed mode windows-amd64 compressed oops)
Heap:
 PSYoungGen      total 65536K, used 8721K [0x00000000d5580000, 0x00000000da180000, 0x0000000100000000)
  eden space 54272K, 0% used [0x00000000d5580000,0x00000000d5580000,0x00000000d8a80000)
  from space 11264K, 77% used [0x00000000d9600000,0x00000000d9e84428,0x00000000da100000)
  to   space 11776K, 0% used [0x00000000d8a80000,0x00000000d8a80000,0x00000000d9600000)
 ParOldGen       total 64512K, used 9108K [0x0000000080000000, 0x0000000083f00000, 0x00000000d5580000)
  object space 64512K, 14% used [0x0000000080000000,0x00000000808e51e0,0x0000000083f00000)
 Metaspace       used 34027K, capacity 35334K, committed 35416K, reserved 1079296K
  class space    used 4588K, capacity 4912K, committed 4992K, reserved 1048576K
GC Heap History (10 events):
Event: 17.969 GC heap after
Heap after GC invocations=7 (full 1):
 PSYoungGen      total 42496K, used 0K [0x00000000d5580000, 0x00000000d8a00000, 0x0000000100000000)
  eden space 32256K, 0% used [0x00000000d5580000,0x00000000d5580000,0x00000000d7500000)
  from space 10240K, 0% used [0x00000000d7f80000,0x00000000d7f80000,0x00000000d8980000)
  to   space 10752K, 0% used [0x00000000d7500000,0x00000000d7500000,0x00000000d7f80000)
 ParOldGen       total 64512K, used 9076K [0x0000000080000000, 0x0000000083f00000, 0x00000000d5580000)
  object space 64512K, 14% used [0x0000000080000000,0x00000000808dd1e0,0x0000000083f00000)
 Metaspace       used 20511K, capacity 21210K, committed 21248K, reserved 1067008K
  class space    used 2852K, capacity 3035K, committed 3072K, reserved 1048576K
}
Event: 23.777 GC heap before
{Heap before GC invocations=8 (full 1):
 PSYoungGen      total 42496K, used 32256K [0x00000000d5580000, 0x00000000d8a00000, 0x0000000100000000)
  eden space 32256K, 100% used [0x00000000d5580000,0x00000000d7500000,0x00000000d7500000)
  from space 10240K, 0% used [0x00000000d7f80000,0x00000000d7f80000,0x00000000d8980000)
  to   space 10752K, 0% used [0x00000000d7500000,0x00000000d7500000,0x00000000d7f80000)
 ParOldGen       total 64512K, used 9076K [0x0000000080000000, 0x0000000083f00000, 0x00000000d5580000)
  object space 64512K, 14% used [0x0000000080000000,0x00000000808dd1e0,0x0000000083f00000)
 Metaspace       used 22233K, capacity 23192K, committed 23424K, reserved 1069056K
  class space    used 3138K, capacity 3386K, committed 3456K, reserved 1048576K
Event: 23.811 GC heap after
Heap after GC invocations=8 (full 1):
 PSYoungGen      total 43008K, used 2925K [0x00000000d5580000, 0x00000000d9900000, 0x0000000100000000)
  eden space 32256K, 0% used [0x00000000d5580000,0x00000000d5580000,0x00000000d7500000)
  from space 10752K, 27% used [0x00000000d7500000,0x00000000d77db448,0x00000000d7f80000)
  to   space 11264K, 0% used [0x00000000d8e00000,0x00000000d8e00000,0x00000000d9900000)
 ParOldGen       total 64512K, used 9084K [0x0000000080000000, 0x0000000083f00000, 0x00000000d5580000)
  object space 64512K, 14% used [0x0000000080000000,0x00000000808df1e0,0x0000000083f00000)
 Metaspace       used 22233K, capacity 23192K, committed 23424K, reserved 1069056K
  class space    used 3138K, capacity 3386K, committed 3456K, reserved 1048576K
}
Event: 31.383 GC heap before
{Heap before GC invocations=9 (full 1):
 PSYoungGen      total 43008K, used 35181K [0x00000000d5580000, 0x00000000d9900000, 0x0000000100000000)
  eden space 32256K, 100% used [0x00000000d5580000,0x00000000d7500000,0x00000000d7500000)
  from space 10752K, 27% used [0x00000000d7500000,0x00000000d77db448,0x00000000d7f80000)
  to   space 11264K, 0% used [0x00000000d8e00000,0x00000000d8e00000,0x00000000d9900000)
 ParOldGen       total 64512K, used 9084K [0x0000000080000000, 0x0000000083f00000, 0x00000000d5580000)
  object space 64512K, 14% used [0x0000000080000000,0x00000000808df1e0,0x0000000083f00000)
 Metaspace       used 25689K, capacity 26734K, committed 26752K, reserved 1073152K
  class space    used 3657K, capacity 3954K, committed 3968K, reserved 1048576K
Event: 31.407 GC heap after
Heap after GC invocations=9 (full 1):
 PSYoungGen      total 53760K, used 5152K [0x00000000d5580000, 0x00000000d9680000, 0x0000000100000000)
  eden space 45056K, 0% used [0x00000000d5580000,0x00000000d5580000,0x00000000d8180000)
  from space 8704K, 59% used [0x00000000d8e00000,0x00000000d9308198,0x00000000d9680000)
  to   space 10752K, 0% used [0x00000000d8180000,0x00000000d8180000,0x00000000d8c00000)
 ParOldGen       total 64512K, used 9092K [0x0000000080000000, 0x0000000083f00000, 0x00000000d5580000)
  object space 64512K, 14% used [0x0000000080000000,0x00000000808e11e0,0x0000000083f00000)
 Metaspace       used 25689K, capacity 26734K, committed 26752K, reserved 1073152K
  class space    used 3657K, capacity 3954K, committed 3968K, reserved 1048576K
}
Event: 37.153 GC heap before
{Heap before GC invocations=10 (full 1):
 PSYoungGen      total 53760K, used 50208K [0x00000000d5580000, 0x00000000d9680000, 0x0000000100000000)
  eden space 45056K, 100% used [0x00000000d5580000,0x00000000d8180000,0x00000000d8180000)
  from space 8704K, 59% used [0x00000000d8e00000,0x00000000d9308198,0x00000000d9680000)
  to   space 10752K, 0% used [0x00000000d8180000,0x00000000d8180000,0x00000000d8c00000)
 ParOldGen       total 64512K, used 9092K [0x0000000080000000, 0x0000000083f00000, 0x00000000d5580000)
  object space 64512K, 14% used [0x0000000080000000,0x00000000808e11e0,0x0000000083f00000)
 Metaspace       used 32246K, capacity 33294K, committed 33664K, reserved 1079296K
  class space    used 4338K, capacity 4614K, committed 4736K, reserved 1048576K
Event: 37.170 GC heap after
Heap after GC invocations=10 (full 1):
 PSYoungGen      total 55808K, used 8532K [0x00000000d5580000, 0x00000000da100000, 0x0000000100000000)
  eden space 45056K, 0% used [0x00000000d5580000,0x00000000d5580000,0x00000000d8180000)
  from space 10752K, 79% used [0x00000000d8180000,0x00000000d89d5310,0x00000000d8c00000)
  to   space 11264K, 0% used [0x00000000d9600000,0x00000000d9600000,0x00000000da100000)
 ParOldGen       total 64512K, used 9100K [0x0000000080000000, 0x0000000083f00000, 0x00000000d5580000)
  object space 64512K, 14% used [0x0000000080000000,0x00000000808e31e0,0x0000000083f00000)
 Metaspace       used 32246K, capacity 33294K, committed 33664K, reserved 1079296K
  class space    used 4338K, capacity 4614K, committed 4736K, reserved 1048576K
}
Event: 43.604 GC heap before
{Heap before GC invocations=11 (full 1):
 PSYoungGen      total 55808K, used 45481K [0x00000000d5580000, 0x00000000da100000, 0x0000000100000000)
  eden space 45056K, 82% used [0x00000000d5580000,0x00000000d7995438,0x00000000d8180000)
  from space 10752K, 79% used [0x00000000d8180000,0x00000000d89d5310,0x00000000d8c00000)
  to   space 11264K, 0% used [0x00000000d9600000,0x00000000d9600000,0x00000000da100000)
 ParOldGen       total 64512K, used 9100K [0x0000000080000000, 0x0000000083f00000, 0x00000000d5580000)
  object space 64512K, 14% used [0x0000000080000000,0x00000000808e31e0,0x0000000083f00000)
 Metaspace       used 34027K, capacity 35334K, committed 35416K, reserved 1079296K
  class space    used 4588K, capacity 4912K, committed 4992K, reserved 1048576K
Event: 43.627 GC heap after
Heap after GC invocations=11 (full 1):
 PSYoungGen      total 65536K, used 8721K [0x00000000d5580000, 0x00000000da180000, 0x0000000100000000)
  eden space 54272K, 0% used [0x00000000d5580000,0x00000000d5580000,0x00000000d8a80000)
  from space 11264K, 77% used [0x00000000d9600000,0x00000000d9e84428,0x00000000da100000)
  to   space 11776K, 0% used [0x00000000d8a80000,0x00000000d8a80000,0x00000000d9600000)
 ParOldGen       total 64512K, used 9108K [0x0000000080000000, 0x0000000083f00000, 0x00000000d5580000)
  object space 64512K, 14% used [0x0000000080000000,0x00000000808e51e0,0x0000000083f00000)
 Metaspace       used 34027K, capacity 35334K, committed 35416K, reserved 1079296K
  class space    used 4588K, capacity 4912K, committed 4992K, reserved 1048576K
}
Event: 43.627 GC heap before
{Heap before GC invocations=12 (full 2):
 PSYoungGen      total 65536K, used 8721K [0x00000000d5580000, 0x00000000da180000, 0x0000000100000000)
  eden space 54272K, 0% used [0x00000000d5580000,0x00000000d5580000,0x00000000d8a80000)
  from space 11264K, 77% used [0x00000000d9600000,0x00000000d9e84428,0x00000000da100000)
  to   space 11776K, 0% used [0x00000000d8a80000,0x00000000d8a80000,0x00000000d9600000)
 ParOldGen       total 64512K, used 9108K [0x0000000080000000, 0x0000000083f00000, 0x00000000d5580000)
  object space 64512K, 14% used [0x0000000080000000,0x00000000808e51e0,0x0000000083f00000)
 Metaspace       used 34027K, capacity 35334K, committed 35416K, reserved 1079296K
  class space    used 4588K, capacity 4912K, committed 4992K, reserved 1048576K

